build/app/outputs/mapping/release/seeds.txt
com.example.nav_history.MainActivity
com.example.nav_history.MainActivity: MainActivity()
...
com.mapbox.mapboxsdk.style.layers.LineLayer: java.lang.Object nativeGetLineMiterLimit()
io.flutter.plugin.editing.ImeSyncDeferringInsetsCallback: void setImeVisibleListener(io.flutter.plugin.editing.ImeSyncDeferringInsetsCallback$ImeVisibleListener)
androidx.appcompat.widget.ActionMenuView: android.graphics.drawable.Drawable getOverflowIcon()
kotlinx.coroutines.scheduling.SchedulerTimeSource: SchedulerTimeSource()
com.mapbox.mapboxsdk.offline.OfflineRegion: void invalidateOfflineRegion(com.mapbox.mapboxsdk.offline.OfflineRegion$OfflineRegionInvalidateCallback)
androidx.window.layout.DisplayCompatHelperApi28: int safeInsetBottom(android.view.DisplayCutout)
com.google.gson.JsonArray: java.util.Iterator iterator()
io.flutter.view.TextureRegistry$SurfaceTextureEntry$-CC: void $default$setOnFrameConsumedListener(io.flutter.view.TextureRegistry$SurfaceTextureEntry,io.flutter.view.TextureRegistry$OnFrameConsumedListener)
androidx.window.embedding.ActivityStack: boolean equals(java.lang.Object)
androidx.core.content.ContextCompat$Api16Impl: void startActivity(android.content.Context,android.content.Intent,android.os.Bundle)
androidx.appcompat.widget.AppCompatCheckBox: int getCompoundPaddingLeft()
kotlinx.coroutines.internal.ThreadSafeHeap: ThreadSafeHeap()
com.mapbox.mapboxsdk.style.layers.SymbolLayer: java.lang.Object nativeGetTextOptional()
androidx.media.AudioAttributesCompatParcelizer: void write(androidx.media.AudioAttributesCompat,androidx.versionedparcelable.VersionedParcel)
com.google.gson.JsonObject: java.util.Set keySet()
com.mapbox.mapboxsdk.maps.NativeMapView: void nativeSetUserAnimationInProgress(boolean)
com.mapbox.geojson.internal.typeadapters.RuntimeTypeAdapterFactory: RuntimeTypeAdapterFactory(java.lang.Class,java.lang.String,boolean)
com.mapbox.geojson.ListofListofListOfPointCoordinatesTypeAdapter: java.util.List read(com.google.gson.stream.JsonReader)
com.google.android.material.floatingactionbutton.FloatingActionButton: void setUseCompatPadding(boolean)
com.mapbox.mapboxsdk.style.layers.LineLayer: java.lang.Object nativeGetLineRoundLimit()
com.mapbox.mapboxsdk.module.telemetry.PhoneState: boolean isConnectedToWifi(android.content.Context)
androidx.coordinatorlayout.widget.CoordinatorLayout: int getSuggestedMinimumWidth()
com.google.gson.JsonPrimitive: java.math.BigInteger getAsBigInteger()
com.google.android.material.snackbar.BaseTransientBottomBar$Behavior: BaseTransientBottomBar$Behavior()
com.mapbox.geojson.Point$GsonTypeAdapter: void write(com.google.gson.stream.JsonWriter,java.lang.Object)
okhttp3.TlsVersion: okhttp3.TlsVersion[] values()
io.flutter.embedding.android.FlutterTextureView: io.flutter.embedding.engine.renderer.FlutterRenderer getAttachedRenderer()
com.mapbox.mapboxsdk.style.layers.SymbolLayer: void nativeSetIconHaloWidthTransition(long,long)
androidx.window.layout.HardwareFoldingFeature$Companion: HardwareFoldingFeature$Companion()
com.mapbox.mapboxsdk.http.NativeHttpRequest: NativeHttpRequest(long,java.lang.String,java.lang.String,java.lang.String,boolean)
io.flutter.view.TextureRegistry$SurfaceProducer: android.view.Surface getSurface()
com.mapbox.mapboxsdk.style.layers.LineLayer: com.mapbox.mapboxsdk.style.layers.TransitionOptions nativeGetLineGapWidthTransition()
androidx.appcompat.widget.AppCompatSpinner: int getDropDownHorizontalOffset()
androidx.appcompat.widget.ContentFrameLayout: ContentFrameLayout(android.content.Context,android.util.AttributeSet)
com.mapbox.mapboxsdk.style.layers.SymbolLayer: java.lang.Object nativeGetTextFont()
androidx.core.graphics.drawable.IconCompatParcelizer: androidx.core.graphics.drawable.IconCompat read(androidx.versionedparcelable.VersionedParcel)
androidx.cardview.widget.CardView: int getContentPaddingBottom()
androidx.lifecycle.ViewModelStore: ViewModelStore()
com.google.android.material.floatingactionbutton.FloatingActionButton: void setShowMotionSpec(com.google.android.material.animation.MotionSpec)