build/app/outputs/mapping/release/mapping.txt
# compiler: R8
# compiler_version: 3.3.70
# min_api: 21
# common_typos_disable
# {"id":"com.android.tools.r8.mapping","version":"2.0"}
# pg_map_id: de57e50
# pg_map_hash: SHA-256 de57e5064f9d6dfaa94a07499710bd37aed2ee4ea7803f7b764ab42e9b3cf192
...
androidx.appcompat.widget.ViewStubCompat -> androidx.appcompat.widget.ViewStubCompat:
    androidx.appcompat.widget.ViewStubCompat$OnInflateListener mInflateListener -> i
    java.lang.ref.WeakReference mInflatedViewRef -> g
    int mInflatedId -> f
    int mLayoutResource -> e
    android.view.LayoutInflater mInflater -> h
    android.view.View inflate() -> a
androidx.appcompat.widget.ViewStubCompat$OnInflateListener -> androidx.appcompat.widget.ViewStubCompat$a:
    void onInflate(androidx.appcompat.widget.ViewStubCompat,android.view.View) -> a
androidx.appcompat.widget.ViewUtils -> androidx.appcompat.widget.h1:
    java.lang.reflect.Method sComputeFitSystemWindowsMethod -> a
    void computeFitSystemWindows(android.view.View,android.graphics.Rect,android.graphics.Rect) -> a
    boolean isLayoutRtl(android.view.View) -> b
    void makeOptionalFitsSystemWindows(android.view.View) -> c
androidx.appcompat.widget.WithHint -> androidx.appcompat.widget.i1:
    java.lang.CharSequence getHint() -> a
androidx.arch.core.executor.ArchTaskExecutor -> g.a:
    androidx.arch.core.executor.ArchTaskExecutor sInstance -> c
    java.util.concurrent.Executor sMainThreadExecutor -> d
    java.util.concurrent.Executor sIOThreadExecutor -> e
    androidx.arch.core.executor.TaskExecutor mDefaultTaskExecutor -> b
    androidx.arch.core.executor.TaskExecutor mDelegate -> a
    void executeOnDiskIO(java.lang.Runnable) -> a
    boolean isMainThread() -> b
    void postToMainThread(java.lang.Runnable) -> c
    androidx.arch.core.executor.ArchTaskExecutor getInstance() -> d
androidx.arch.core.executor.ArchTaskExecutor$1 -> g.a$a:
androidx.arch.core.executor.ArchTaskExecutor$2 -> g.a$b:
androidx.arch.core.executor.DefaultTaskExecutor -> g.b:
    android.os.Handler mMainHandler -> c
    java.lang.Object mLock -> a
    java.util.concurrent.ExecutorService mDiskIO -> b
    void executeOnDiskIO(java.lang.Runnable) -> a
    boolean isMainThread() -> b
    void postToMainThread(java.lang.Runnable) -> c
androidx.arch.core.executor.DefaultTaskExecutor$1 -> g.b$a:
    java.util.concurrent.atomic.AtomicInteger mThreadId -> a
    androidx.arch.core.executor.DefaultTaskExecutor this$0 -> b
androidx.arch.core.executor.TaskExecutor -> g.c:
    void executeOnDiskIO(java.lang.Runnable) -> a
    boolean isMainThread() -> b
    void postToMainThread(java.lang.Runnable) -> c
androidx.arch.core.internal.FastSafeIterableMap -> h.a:
    java.util.HashMap mHashMap -> i
    androidx.arch.core.internal.SafeIterableMap$Entry get(java.lang.Object) -> b
    java.lang.Object remove(java.lang.Object) -> f
    java.util.Map$Entry ceil(java.lang.Object) -> g
    java.lang.Object putIfAbsent(java.lang.Object,java.lang.Object) -> h
androidx.arch.core.internal.SafeIterableMap -> h.b:
    androidx.arch.core.internal.SafeIterableMap$Entry mStart -> e
    int mSize -> h
    androidx.arch.core.internal.SafeIterableMap$Entry mEnd -> f
    java.util.WeakHashMap mIterators -> g
    java.util.Map$Entry eldest() -> a
    androidx.arch.core.internal.SafeIterableMap$Entry get(java.lang.Object) -> b
    androidx.arch.core.internal.SafeIterableMap$IteratorWithAdditions iteratorWithAdditions() -> c
    java.util.Map$Entry newest() -> d
    androidx.arch.core.internal.SafeIterableMap$Entry put(java.lang.Object,java.lang.Object) -> e
    java.lang.Object remove(java.lang.Object) -> f
androidx.arch.core.internal.SafeIterableMap$AscendingIterator -> h.b$a:
    androidx.arch.core.internal.SafeIterableMap$Entry backward(androidx.arch.core.internal.SafeIterableMap$Entry) -> b
    androidx.arch.core.internal.SafeIterableMap$Entry forward(androidx.arch.core.internal.SafeIterableMap$Entry) -> c
androidx.arch.core.internal.SafeIterableMap$DescendingIterator -> h.b$b:
    androidx.arch.core.internal.SafeIterableMap$Entry backward(androidx.arch.core.internal.SafeIterableMap$Entry) -> b
    androidx.arch.core.internal.SafeIterableMap$Entry forward(androidx.arch.core.internal.SafeIterableMap$Entry) -> c