build/app/outputs/mapping/release/usage.txt
com.example.nav_history.BuildConfig
com.example.nav_history.R$anim
com.example.nav_history.R$animator
com.example.nav_history.R$attr
com.example.nav_history.R$bool
com.example.nav_history.R$color
com.example.nav_history.R$dimen
com.example.nav_history.R$drawable
com.example.nav_history.R$id
com.example.nav_history.R$integer
com.example.nav_history.R$interpolator
com.example.nav_history.R$layout
com.example.nav_history.R$mipmap
com.example.nav_history.R$string
com.example.nav_history.R$style
com.example.nav_history.R$styleable
com.example.nav_history.R
...
kotlinx.coroutines.flow.DistinctFlowImpl$collect$$inlined$collect$1$1
kotlinx.coroutines.flow.DistinctFlowImpl$collect$$inlined$collect$1
kotlinx.coroutines.flow.DistinctFlowImpl
kotlinx.coroutines.flow.EmptyFlow
kotlinx.coroutines.flow.FlowKt:
    public static final java.lang.String DEFAULT_CONCURRENCY_PROPERTY_NAME
    public static final kotlinx.coroutines.flow.Flow asFlow(java.lang.Iterable)
    public static final kotlinx.coroutines.flow.Flow asFlow(java.util.Iterator)
    public static final kotlinx.coroutines.flow.Flow asFlow(kotlin.jvm.functions.Function0)
    public static final kotlinx.coroutines.flow.Flow asFlow(kotlin.jvm.functions.Function1)
    public static final kotlinx.coroutines.flow.Flow asFlow(kotlin.ranges.IntRange)
    public static final kotlinx.coroutines.flow.Flow asFlow(kotlin.ranges.LongRange)
    public static final kotlinx.coroutines.flow.Flow asFlow(kotlin.sequences.Sequence)
    public static final kotlinx.coroutines.flow.Flow asFlow(kotlinx.coroutines.channels.BroadcastChannel)
    public static final kotlinx.coroutines.flow.Flow asFlow(int[])
    public static final kotlinx.coroutines.flow.Flow asFlow(long[])
    public static final kotlinx.coroutines.flow.Flow asFlow(java.lang.Object[])
    public static final kotlinx.coroutines.flow.SharedFlow asSharedFlow(kotlinx.coroutines.flow.MutableSharedFlow)
    public static final kotlinx.coroutines.flow.StateFlow asStateFlow(kotlinx.coroutines.flow.MutableStateFlow)
    public static final kotlinx.coroutines.channels.BroadcastChannel broadcastIn(kotlinx.coroutines.flow.Flow,kotlinx.coroutines.CoroutineScope,kotlinx.coroutines.CoroutineStart)
kotlinx.coroutines.flow.FlowKt__BuildersKt$asFlow$$inlined$unsafeFlow$10$1
kotlinx.coroutines.flow.FlowKt__BuildersKt$asFlow$$inlined$unsafeFlow$10
kotlinx.coroutines.flow.FlowKt__BuildersKt$asFlow$$inlined$unsafeFlow$1
kotlinx.coroutines.flow.FlowKt__BuildersKt$asFlow$$inlined$unsafeFlow$2$1
kotlinx.coroutines.flow.FlowKt__BuildersKt$asFlow$$inlined$unsafeFlow$2
kotlinx.coroutines.flow.FlowKt__BuildersKt$asFlow$$inlined$unsafeFlow$3$1
kotlinx.coroutines.flow.FlowKt__BuildersKt$asFlow$$inlined$unsafeFlow$3
kotlinx.coroutines.flow.FlowKt__BuildersKt$asFlow$$inlined$unsafeFlow$4$1
kotlinx.coroutines.flow.FlowKt__BuildersKt$asFlow$$inlined$unsafeFlow$4
kotlinx.coroutines.flow.FlowKt__BuildersKt$asFlow$$inlined$unsafeFlow$5$1
kotlinx.coroutines.flow.FlowKt__BuildersKt$asFlow$$inlined$unsafeFlow$5
kotlinx.coroutines.flow.FlowKt__BuildersKt$asFlow$$inlined$unsafeFlow$6$1
kotlinx.coroutines.flow.FlowKt__BuildersKt$asFlow$$inlined$unsafeFlow$6
kotlinx.coroutines.flow.FlowKt__BuildersKt$asFlow$$inlined$unsafeFlow$7$1
kotlinx.coroutines.flow.FlowKt__BuildersKt$asFlow$$inlined$unsafeFlow$7
kotlinx.coroutines.flow.FlowKt__BuildersKt$asFlow$$inlined$unsafeFlow$8$1
kotlinx.coroutines.flow.FlowKt__BuildersKt$asFlow$$inlined$unsafeFlow$8
kotlinx.coroutines.flow.FlowKt__BuildersKt$asFlow$$inlined$unsafeFlow$9$1
kotlinx.coroutines.flow.FlowKt__BuildersKt$asFlow$$inlined$unsafeFlow$9
kotlinx.coroutines.flow.FlowKt__BuildersKt$flowOf$$inlined$unsafeFlow$1$1
kotlinx.coroutines.flow.FlowKt__BuildersKt$flowOf$$inlined$unsafeFlow$1
kotlinx.coroutines.flow.FlowKt__BuildersKt$flowOf$$inlined$unsafeFlow$2
kotlinx.coroutines.flow.FlowKt__BuildersKt$flowViaChannel$1